<?xml version="1.0" encoding="UTF-8"?>
<testsuites name="jest tests" tests="9" failures="0" errors="0" time="3.629">
  <testsuite name="util" errors="0" failures="0" skipped="0" timestamp="2026-07-18T23:04:08" time="1.465" tests="1">
    <testcase classname="util getReviewMessage should return a review message" name="util getReviewMessage should return a review message" time="0.012">
    </testcase>
  </testsuite>
  <testsuite name="start - new github ui" errors="0" failures="0" skipped="0" timestamp="2026-07-18T23:04:08" time="1.499" tests="4">
    <testcase classname="start - new github ui should execute happy path" name="start - new github ui should execute happy path" time="0.016">
    </testcase>
    <testcase classname="start - new github ui should not add event listener if radio buttons are missing" name="start - new github ui should not add event listener if radio buttons are missing" time="0.001">
    </testcase>
    <testcase classname="start - new github ui should not add comments if comment radio button is clicked" name="start - new github ui should not add comments if comment radio button is clicked" time="0.001">
    </testcase>
    <testcase classname="start - new github ui should not set value if review comments textarea is missing" name="start - new github ui should not set value if review comments textarea is missing" time="0">
    </testcase>
  </testsuite>
  <testsuite name="start - old github ui" errors="0" failures="0" skipped="0" timestamp="2026-07-18T23:04:08" time="1.5" tests="4">
    <testcase classname="start - old github ui should execute happy path" name="start - old github ui should execute happy path" time="0.015">
    </testcase>
    <testcase classname="start - old github ui should not add event listener if approve button is missing" name="start - old github ui should not add event listener if approve button is missing" time="0.001">
    </testcase>
    <testcase classname="start - old github ui should set review comments value on click" name="start - old github ui should set review comments value on click" time="0.001">
    </testcase>
    <testcase classname="start - old github ui should not set value if review comments textarea is missing" name="start - old github ui should not set value if review comments textarea is missing" time="0.001">
    </testcase>
  </testsuite>
</testsuites>